
2024/08/24 (18:57:51) | ===> btop++ v.1.3.2
2024/08/24 (18:57:51) | ERROR: Invalid hex value: ebfafa

# Color of inactive/disabled text
theme[inactive_fg]=
2024/08/24 (18:57:51) | ERROR: Invalid hex value: ebfafa

# Background color of the percentage meters
theme[meter_bg]=
2024/08/24 (18:57:51) | ERROR: Invalid hex value: ebfafa

# Title color for boxes
theme[title]=
2024/08/24 (18:57:52) | ERROR: Invalid hex value: ebfafa

# Color of inactive/disabled text
theme[inactive_fg]=
2024/08/24 (18:57:52) | ERROR: Invalid hex value: ebfafa

# Background color of the percentage meters
theme[meter_bg]=
2024/08/24 (18:57:52) | ERROR: Invalid hex value: ebfafa

# Title color for boxes
theme[title]=
2024/08/24 (18:57:59) | ERROR: Invalid hex value: ebfafa

# Color of inactive/disabled text
theme[inactive_fg]=
2024/08/24 (18:57:59) | ERROR: Invalid hex value: ebfafa

# Background color of the percentage meters
theme[meter_bg]=
2024/08/24 (18:57:59) | ERROR: Invalid hex value: ebfafa

# Title color for boxes
theme[title]=
2024/08/24 (18:58:05) | ERROR: Invalid hex value: ebfafa

# Color of inactive/disabled text
theme[inactive_fg]=
2024/08/24 (18:58:05) | ERROR: Invalid hex value: ebfafa

# Background color of the percentage meters
theme[meter_bg]=
2024/08/24 (18:58:05) | ERROR: Invalid hex value: ebfafa

# Title color for boxes
theme[title]=
2024/08/24 (18:58:10) | ERROR: Invalid hex value: ebfafa

# Color of inactive/disabled text
theme[inactive_fg]=
2024/08/24 (18:58:10) | ERROR: Invalid hex value: ebfafa

# Background color of the percentage meters
theme[meter_bg]=
2024/08/24 (18:58:10) | ERROR: Invalid hex value: ebfafa

# Title color for boxes
theme[title]=
2024/08/24 (18:58:15) | ERROR: Invalid hex value: ebfafa

# Color of inactive/disabled text
theme[inactive_fg]=
2024/08/24 (18:58:15) | ERROR: Invalid hex value: ebfafa

# Background color of the percentage meters
theme[meter_bg]=
2024/08/24 (18:58:15) | ERROR: Invalid hex value: ebfafa

# Title color for boxes
theme[title]=
2024/08/24 (18:58:22) | ERROR: Invalid hex value: ebfafa

# Color of inactive/disabled text
theme[inactive_fg]=
2024/08/24 (18:58:22) | ERROR: Invalid hex value: ebfafa

# Background color of the percentage meters
theme[meter_bg]=
2024/08/24 (18:58:22) | ERROR: Invalid hex value: ebfafa

# Title color for boxes
theme[title]=
2024/08/24 (18:58:29) | ERROR: Invalid hex value: ebfafa

# Color of inactive/disabled text
theme[inactive_fg]=
2024/08/24 (18:58:29) | ERROR: Invalid hex value: ebfafa

# Background color of the percentage meters
theme[meter_bg]=
2024/08/24 (18:58:29) | ERROR: Invalid hex value: ebfafa

# Title color for boxes
theme[title]=

2024/08/24 (20:16:19) | ===> btop++ v.1.3.2
2024/08/24 (20:16:19) | ERROR: Invalid hex value: ebfafa

# Color of inactive/disabled text
theme[inactive_fg]=
2024/08/24 (20:16:19) | ERROR: Invalid hex value: ebfafa

# Background color of the percentage meters
theme[meter_bg]=
2024/08/24 (20:16:19) | ERROR: Invalid hex value: ebfafa

# Title color for boxes
theme[title]=

2024/08/25 (01:43:21) | ===> btop++ v.1.3.2
2024/08/25 (01:43:21) | ERROR: Invalid hex value: ebfafa

# Color of inactive/disabled text
theme[inactive_fg]=
2024/08/25 (01:43:21) | ERROR: Invalid hex value: ebfafa

# Background color of the percentage meters
theme[meter_bg]=
2024/08/25 (01:43:21) | ERROR: Invalid hex value: ebfafa

# Title color for boxes
theme[title]=

2024/08/26 (16:39:37) | ===> btop++ v.1.3.2
2024/08/26 (16:39:37) | ERROR: Invalid hex value: ebfafa

# Color of inactive/disabled text
theme[inactive_fg]=
2024/08/26 (16:39:37) | ERROR: Invalid hex value: ebfafa

# Background color of the percentage meters
theme[meter_bg]=
2024/08/26 (16:39:37) | ERROR: Invalid hex value: ebfafa

# Title color for boxes
theme[title]=

2024/08/26 (18:52:39) | ===> btop++ v.1.3.2
2024/08/26 (18:52:39) | ERROR: Invalid hex value: ebfafa

# Color of inactive/disabled text
theme[inactive_fg]=
2024/08/26 (18:52:39) | ERROR: Invalid hex value: ebfafa

# Background color of the percentage meters
theme[meter_bg]=
2024/08/26 (18:52:39) | ERROR: Invalid hex value: ebfafa

# Title color for boxes
theme[title]=

2024/08/31 (04:19:03) | ===> btop++ v.1.3.2
2024/08/31 (04:19:03) | ERROR: Invalid hex value: ebfafa

# Color of inactive/disabled text
theme[inactive_fg]=
2024/08/31 (04:19:03) | ERROR: Invalid hex value: ebfafa

# Background color of the percentage meters
theme[meter_bg]=
2024/08/31 (04:19:03) | ERROR: Invalid hex value: ebfafa

# Title color for boxes
theme[title]=

2024/08/31 (10:52:11) | ===> btop++ v.1.3.2
2024/08/31 (10:52:11) | ERROR: Invalid hex value: ebfafa

# Color of inactive/disabled text
theme[inactive_fg]=
2024/08/31 (10:52:11) | ERROR: Invalid hex value: ebfafa

# Background color of the percentage meters
theme[meter_bg]=
2024/08/31 (10:52:11) | ERROR: Invalid hex value: ebfafa

# Title color for boxes
theme[title]=

2024/08/31 (10:53:27) | ===> btop++ v.1.3.2
2024/08/31 (10:53:27) | ERROR: Invalid hex value: ebfafa

# Color of inactive/disabled text
theme[inactive_fg]=
2024/08/31 (10:53:27) | ERROR: Invalid hex value: ebfafa

# Background color of the percentage meters
theme[meter_bg]=
2024/08/31 (10:53:27) | ERROR: Invalid hex value: ebfafa

# Title color for boxes
theme[title]=
